{"name": "test_search_without_entering_any_product", "status": "failed", "statusDetails": {"message": "AssertionError: assert 'There is no ...rch criteria.' == 'There is no ... criteria.123'\n  \n  Skipping 42 identical leading characters in diff, use -v to show\n  - h criteria.123\n  ?            ---\n  + h criteria.", "trace": "self = <tests.test_search.TestSearch object at 0x0000028ED1D47FE0>\n\n    def test_search_without_entering_any_product(self):\n        home_page = HomePage(self.driver)\n        search_page = home_page.search_for_a_product(\"\")\n        expected_text = \"There is no product that matches the search criteria.123\"\n>       assert search_page.retrieve_no_product_message() == expected_text\nE       AssertionError: assert 'There is no ...rch criteria.' == 'There is no ... criteria.123'\nE         \nE         Skipping 42 identical leading characters in diff, use -v to show\nE         - h criteria.123\nE         ?            ---\nE         + h criteria.\n\ntests\\test_search.py:25: AssertionError"}, "start": 1711313151705, "stop": 1711313152213, "uuid": "7ed87d6f-a87d-4b43-b3f4-921073e30227", "historyId": "44c83ec0fed6d3f7e0e98d8724767c9f", "testCaseId": "44c83ec0fed6d3f7e0e98d8724767c9f", "fullName": "tests.test_search.TestSearch#test_search_without_entering_any_product", "labels": [{"name": "tag", "value": "@pytest.mark.usefixtures('setup_and_teardown', 'log_on_failure')"}, {"name": "parentSuite", "value": "tests"}, {"name": "suite", "value": "test_search"}, {"name": "subSuite", "value": "TestSearch"}, {"name": "host", "value": "Marzan"}, {"name": "thread", "value": "30260-MainThread"}, {"name": "framework", "value": "pytest"}, {"name": "language", "value": "cpython3"}, {"name": "package", "value": "tests.test_search"}]}